[debug] [2018-04-24T18:54:50.689Z] ----------------------------------------------------------------------
[debug] [2018-04-24T18:54:50.691Z] Command:       /usr/local/Cellar/node/9.4.0/bin/node /usr/local/bin/firebase serve
[debug] [2018-04-24T18:54:50.691Z] CLI Version:   3.18.4
[debug] [2018-04-24T18:54:50.691Z] Platform:      darwin
[debug] [2018-04-24T18:54:50.692Z] Node Version:  v9.4.0
[debug] [2018-04-24T18:54:50.693Z] Time:          Tue Apr 24 2018 21:54:50 GMT+0300 (EEST)
[debug] [2018-04-24T18:54:50.693Z] ----------------------------------------------------------------------
[debug] 
[debug] [2018-04-24T18:54:50.704Z] > command requires scopes: ["email","openid","https://www.googleapis.com/auth/cloudplatformprojects.readonly","https://www.googleapis.com/auth/firebase","https://www.googleapis.com/auth/cloud-platform"]
[debug] [2018-04-24T18:54:50.705Z] > authorizing via signed-in user
[debug] [2018-04-24T18:54:50.707Z] >>> HTTP REQUEST GET https://admin.firebase.com/v1/projects/rpsmultiplayer-7e45d  
  
 Tue Apr 24 2018 21:54:50 GMT+0300 (EEST)
[debug] [2018-04-24T18:54:52.171Z] <<< HTTP RESPONSE 200
[debug] [2018-04-24T18:54:52.173Z] >>> HTTP REQUEST GET https://admin.firebase.com/v1/database/rpsmultiplayer-7e45d/tokens  
  
 Tue Apr 24 2018 21:54:52 GMT+0300 (EEST)
[debug] [2018-04-24T18:54:53.067Z] <<< HTTP RESPONSE 200
[debug] [2018-04-24T18:54:53.068Z] >>> HTTP REQUEST GET https://cloudresourcemanager.googleapis.com/v1/projects/rpsmultiplayer-7e45d  
  
 Tue Apr 24 2018 21:54:53 GMT+0300 (EEST)
[debug] [2018-04-24T18:54:54.988Z] <<< HTTP RESPONSE 200
[info] 
[info] === Serving from '/Users/sarayousuf/Documents/smu/RPS-Multiplayer'...
[info] 
[debug] [2018-04-24T18:54:54.991Z] >>> HTTP REQUEST GET https://mobilesdk-pa.googleapis.com/v1/projects/78934280728/clients/_:getWebAppConfig  
  
 Tue Apr 24 2018 21:54:54 GMT+0300 (EEST)
[debug] [2018-04-24T18:54:57.869Z] <<< HTTP RESPONSE 200
[info] i  hosting: Serving hosting files from: public
[info] ✔  hosting: Local server: http://localhost:5000

